<?xml version="1.0" encoding="UTF-8"?>
<testsuite name="yeinyeonha.SMooD.SMooDApplicationTests" tests="1" skipped="0" failures="0" errors="0" timestamp="2023-04-27T01:50:49" hostname="Yeons-MacBook-Pro.local" time="0.087">
  <properties/>
  <testcase name="contextLoads()" classname="yeinyeonha.SMooD.SMooDApplicationTests" time="0.087"/>
  <system-out><![CDATA[10:50:47.550 [Test worker] DEBUG org.springframework.test.context.BootstrapUtils - Instantiating CacheAwareContextLoaderDelegate from class [org.springframework.test.context.cache.DefaultCacheAwareContextLoaderDelegate]
10:50:47.556 [Test worker] DEBUG org.springframework.test.context.BootstrapUtils - Instantiating BootstrapContext using constructor [public org.springframework.test.context.support.DefaultBootstrapContext(java.lang.Class,org.springframework.test.context.CacheAwareContextLoaderDelegate)]
10:50:47.573 [Test worker] DEBUG org.springframework.test.context.BootstrapUtils - Instantiating TestContextBootstrapper for test class [yeinyeonha.SMooD.SMooDApplicationTests] from class [org.springframework.boot.test.context.SpringBootTestContextBootstrapper]
10:50:47.578 [Test worker] INFO org.springframework.boot.test.context.SpringBootTestContextBootstrapper - Neither @ContextConfiguration nor @ContextHierarchy found for test class [yeinyeonha.SMooD.SMooDApplicationTests], using SpringBootContextLoader
10:50:47.580 [Test worker] DEBUG org.springframework.test.context.support.AbstractContextLoader - Did not detect default resource location for test class [yeinyeonha.SMooD.SMooDApplicationTests]: class path resource [yeinyeonha/SMooD/SMooDApplicationTests-context.xml] does not exist
10:50:47.580 [Test worker] DEBUG org.springframework.test.context.support.AbstractContextLoader - Did not detect default resource location for test class [yeinyeonha.SMooD.SMooDApplicationTests]: class path resource [yeinyeonha/SMooD/SMooDApplicationTestsContext.groovy] does not exist
10:50:47.580 [Test worker] INFO org.springframework.test.context.support.AbstractContextLoader - Could not detect default resource locations for test class [yeinyeonha.SMooD.SMooDApplicationTests]: no resource found for suffixes {-context.xml, Context.groovy}.
10:50:47.581 [Test worker] INFO org.springframework.test.context.support.AnnotationConfigContextLoaderUtils - Could not detect default configuration classes for test class [yeinyeonha.SMooD.SMooDApplicationTests]: SMooDApplicationTests does not declare any static, non-private, non-final, nested classes annotated with @Configuration.
10:50:47.601 [Test worker] DEBUG org.springframework.test.context.support.ActiveProfilesUtils - Could not find an 'annotation declaring class' for annotation type [org.springframework.test.context.ActiveProfiles] and class [yeinyeonha.SMooD.SMooDApplicationTests]
10:50:47.632 [Test worker] DEBUG org.springframework.context.annotation.ClassPathScanningCandidateComponentProvider - Identified candidate component class: file [/Users/jeongjiyeon/Capstone/SMooD-BE/build/classes/java/main/yeinyeonha/SMooD/SMooDApplication.class]
10:50:47.633 [Test worker] INFO org.springframework.boot.test.context.SpringBootTestContextBootstrapper - Found @SpringBootConfiguration yeinyeonha.SMooD.SMooDApplication for test class yeinyeonha.SMooD.SMooDApplicationTests
10:50:47.676 [Test worker] DEBUG org.springframework.boot.test.context.SpringBootTestContextBootstrapper - @TestExecutionListeners is not present for class [yeinyeonha.SMooD.SMooDApplicationTests]: using defaults.
10:50:47.676 [Test worker] INFO org.springframework.boot.test.context.SpringBootTestContextBootstrapper - Loaded default TestExecutionListener class names from location [META-INF/spring.factories]: [org.springframework.boot.test.autoconfigure.restdocs.RestDocsTestExecutionListener, org.springframework.boot.test.autoconfigure.web.client.MockRestServiceServerResetTestExecutionListener, org.springframework.boot.test.autoconfigure.web.servlet.MockMvcPrintOnlyOnFailureTestExecutionListener, org.springframework.boot.test.autoconfigure.web.servlet.WebDriverTestExecutionListener, org.springframework.boot.test.autoconfigure.webservices.client.MockWebServiceServerTestExecutionListener, org.springframework.boot.test.mock.mockito.MockitoTestExecutionListener, org.springframework.boot.test.mock.mockito.ResetMocksTestExecutionListener, org.springframework.test.context.web.ServletTestExecutionListener, org.springframework.test.context.support.DirtiesContextBeforeModesTestExecutionListener, org.springframework.test.context.event.ApplicationEventsTestExecutionListener, org.springframework.test.context.support.DependencyInjectionTestExecutionListener, org.springframework.test.context.support.DirtiesContextTestExecutionListener, org.springframework.test.context.transaction.TransactionalTestExecutionListener, org.springframework.test.context.jdbc.SqlScriptsTestExecutionListener, org.springframework.test.context.event.EventPublishingTestExecutionListener]
10:50:47.684 [Test worker] INFO org.springframework.boot.test.context.SpringBootTestContextBootstrapper - Using TestExecutionListeners: [org.springframework.test.context.web.ServletTestExecutionListener@7e38a7fe, org.springframework.test.context.support.DirtiesContextBeforeModesTestExecutionListener@366ef90e, org.springframework.test.context.event.ApplicationEventsTestExecutionListener@33e01298, org.springframework.boot.test.mock.mockito.MockitoTestExecutionListener@31e75d13, org.springframework.boot.test.autoconfigure.SpringBootDependencyInjectionTestExecutionListener@a5b0b86, org.springframework.test.context.support.DirtiesContextTestExecutionListener@4b3c354a, org.springframework.test.context.transaction.TransactionalTestExecutionListener@78fb9a67, org.springframework.test.context.jdbc.SqlScriptsTestExecutionListener@73ff4fae, org.springframework.test.context.event.EventPublishingTestExecutionListener@21aa6d6c, org.springframework.boot.test.autoconfigure.restdocs.RestDocsTestExecutionListener@b968a76, org.springframework.boot.test.autoconfigure.web.client.MockRestServiceServerResetTestExecutionListener@2f9a01c1, org.springframework.boot.test.autoconfigure.web.servlet.MockMvcPrintOnlyOnFailureTestExecutionListener@2611b9a3, org.springframework.boot.test.autoconfigure.web.servlet.WebDriverTestExecutionListener@54227100, org.springframework.boot.test.autoconfigure.webservices.client.MockWebServiceServerTestExecutionListener@6b5894c8, org.springframework.boot.test.mock.mockito.ResetMocksTestExecutionListener@1433046b]
10:50:47.685 [Test worker] DEBUG org.springframework.test.context.support.AbstractDirtiesContextTestExecutionListener - Before test class: context [DefaultTestContext@62fad19 testClass = SMooDApplicationTests, testInstance = [null], testMethod = [null], testException = [null], mergedContextConfiguration = [WebMergedContextConfiguration@47dbb1e2 testClass = SMooDApplicationTests, locations = '{}', classes = '{class yeinyeonha.SMooD.SMooDApplication}', contextInitializerClasses = '[]', activeProfiles = '{}', propertySourceLocations = '{}', propertySourceProperties = '{org.springframework.boot.test.context.SpringBootTestContextBootstrapper=true}', contextCustomizers = set[org.springframework.boot.test.autoconfigure.actuate.metrics.MetricsExportContextCustomizerFactory$DisableMetricExportContextCustomizer@74589991, org.springframework.boot.test.autoconfigure.properties.PropertyMappingContextCustomizer@0, org.springframework.boot.test.autoconfigure.web.servlet.WebDriverContextCustomizerFactory$Customizer@5f9be66c, org.springframework.boot.test.context.filter.ExcludeFilterContextCustomizer@6ccdb29f, org.springframework.boot.test.json.DuplicateJsonObjectContextCustomizerFactory$DuplicateJsonObjectContextCustomizer@265adfad, org.springframework.boot.test.mock.mockito.MockitoContextCustomizer@0, org.springframework.boot.test.web.client.TestRestTemplateContextCustomizer@77128536, org.springframework.boot.test.web.reactive.server.WebTestClientContextCustomizer@5a755cc1, org.springframework.boot.test.context.SpringBootTestArgs@1, org.springframework.boot.test.context.SpringBootTestWebEnvironment@36b4fe2a], resourceBasePath = 'src/main/webapp', contextLoader = 'org.springframework.boot.test.context.SpringBootContextLoader', parent = [null]], attributes = map['org.springframework.test.context.web.ServletTestExecutionListener.activateListener' -> true]], class annotated with @DirtiesContext [false] with mode [null].

  .   ____          _            __ _ _
 /\\ / ___'_ __ _ _(_)_ __  __ _ \ \ \ \
( ( )\___ | '_ | '_| | '_ \/ _` | \ \ \ \
 \\/  ___)| |_)| | | | | || (_| |  ) ) ) )
  '  |____| .__|_| |_|_| |_\__, | / / / /
 =========|_|==============|___/=/_/_/_/
 :: Spring Boot ::               (v2.7.11)

2023-04-27 10:50:47.868  INFO 55077 --- [    Test worker] yeinyeonha.SMooD.SMooDApplicationTests   : Starting SMooDApplicationTests using Java 17.0.6 on Yeons-MacBook-Pro.local with PID 55077 (started by jeongjiyeon in /Users/jeongjiyeon/Capstone/SMooD-BE)
2023-04-27 10:50:47.869  INFO 55077 --- [    Test worker] yeinyeonha.SMooD.SMooDApplicationTests   : The following 2 profiles are active: "prod", "oauth"
2023-04-27 10:50:48.160  INFO 55077 --- [    Test worker] .s.d.r.c.RepositoryConfigurationDelegate : Bootstrapping Spring Data JPA repositories in DEFAULT mode.
2023-04-27 10:50:48.237  INFO 55077 --- [    Test worker] .s.d.r.c.RepositoryConfigurationDelegate : Finished Spring Data repository scanning in 73 ms. Found 1 JPA repository interfaces.
2023-04-27 10:50:48.515  INFO 55077 --- [    Test worker] o.hibernate.jpa.internal.util.LogHelper  : HHH000204: Processing PersistenceUnitInfo [name: default]
2023-04-27 10:50:48.537  INFO 55077 --- [    Test worker] org.hibernate.Version                    : HHH000412: Hibernate ORM core version 5.6.15.Final
2023-04-27 10:50:48.617  INFO 55077 --- [    Test worker] o.hibernate.annotations.common.Version   : HCANN000001: Hibernate Commons Annotations {5.1.2.Final}
2023-04-27 10:50:48.661  INFO 55077 --- [    Test worker] com.zaxxer.hikari.HikariDataSource       : HikariPool-1 - Starting...
2023-04-27 10:50:48.979  INFO 55077 --- [    Test worker] com.zaxxer.hikari.HikariDataSource       : HikariPool-1 - Start completed.
2023-04-27 10:50:48.986  INFO 55077 --- [    Test worker] org.hibernate.dialect.Dialect            : HHH000400: Using dialect: org.hibernate.dialect.MySQL57Dialect
Hibernate: 
    
    drop table if exists member
Hibernate: 
    
    create table member (
       id bigint not null auto_increment,
        email varchar(255),
        image_url varchar(255),
        name varchar(255),
        oauth_id varchar(255),
        role varchar(255),
        primary key (id)
    ) engine=InnoDB
2023-04-27 10:50:49.394  INFO 55077 --- [    Test worker] o.h.e.t.j.p.i.JtaPlatformInitiator       : HHH000490: Using JtaPlatform implementation: [org.hibernate.engine.transaction.jta.platform.internal.NoJtaPlatform]
2023-04-27 10:50:49.398  INFO 55077 --- [    Test worker] j.LocalContainerEntityManagerFactoryBean : Initialized JPA EntityManagerFactory for persistence unit 'default'
2023-04-27 10:50:49.723  WARN 55077 --- [    Test worker] JpaBaseConfiguration$JpaWebConfiguration : spring.jpa.open-in-view is enabled by default. Therefore, database queries may be performed during view rendering. Explicitly configure spring.jpa.open-in-view to disable this warning
2023-04-27 10:50:49.981  INFO 55077 --- [    Test worker] yeinyeonha.SMooD.SMooDApplicationTests   : Started SMooDApplicationTests in 2.276 seconds (JVM running for 2.829)
]]></system-out>
  <system-err><![CDATA[]]></system-err>
</testsuite>
